[    0.000000] Initializing cgroup subsys cpuset
[    0.000000] Initializing cgroup subsys cpu
[    0.000000] Initializing cgroup subsys cpuacct
[    0.000000] Linux version 4.4.0-127-generic (buildd@lcy01-amd64-023) (gcc version 5.4.0 20160609 (Ubuntu 5.4.0-6ubuntu1~16.04.9) ) #153-Ubuntu SMP Sat May 19 10:58:46 UTC 2018 (Ubuntu 4.4.0-127.153-generic 4.4.128)
[    0.000000] Command line: BOOT_IMAGE=/boot/vmlinuz-4.4.0-127-generic root=LABEL=cloudimg-rootfs ro console=tty1 console=ttyS0
[    0.000000] KERNEL supported cpus:
[    0.000000]   Intel GenuineIntel
[    0.000000]   AMD AuthenticAMD
[    0.000000]   Centaur CentaurHauls
[    0.000000] ------------[ cut here ]------------
[    0.000000] WARNING: CPU: 0 PID: 0 at /build/linux-E14mqW/linux-4.4.0/arch/x86/kernel/fpu/xstate.c:517 fpu__init_system_xstate+0x38b/0x75a()
[    0.000000] XSAVE consistency problem, dumping leaves
[    0.000000] Modules linked in:
[    0.000000] CPU: 0 PID: 0 Comm: swapper Not tainted 4.4.0-127-generic #153-Ubuntu
[    0.000000]  0000000000000086 6acfd5af7bd7242e ffffffff81e03d70 ffffffff814001c3
[    0.000000]  ffffffff81e03db8 ffffffff81cacad8 ffffffff81e03da8 ffffffff81083432
[    0.000000]  ffffffff81e03e38 ffffffff81e03e3c 0000000000000008 0000000000000100
[    0.000000] Call Trace:
[    0.000000]  [<ffffffff814001c3>] dump_stack+0x63/0x90
[    0.000000]  [<ffffffff81083432>] warn_slowpath_common+0x82/0xc0
[    0.000000]  [<ffffffff810834cc>] warn_slowpath_fmt+0x5c/0x80
[    0.000000]  [<ffffffff8107efeb>] ? xfeature_size+0x59/0x77
[    0.000000]  [<ffffffff81f732b1>] fpu__init_system_xstate+0x38b/0x75a
[    0.000000]  [<ffffffff81f63120>] ? early_idt_handler_array+0x120/0x120
[    0.000000]  [<ffffffff81f72c1c>] fpu__init_system+0x10b/0x243
[    0.000000]  [<ffffffff81f73e46>] early_cpu_init+0x1da/0x1e0
[    0.000000]  [<ffffffff81f73e46>] ? early_cpu_init+0x1da/0x1e0
[    0.000000]  [<ffffffff81f6f1a6>] setup_arch+0xb4/0xd13
[    0.000000]  [<ffffffff81f63120>] ? early_idt_handler_array+0x120/0x120
[    0.000000]  [<ffffffff81f63c75>] start_kernel+0xe2/0x4a4
[    0.000000]  [<ffffffff81f63120>] ? early_idt_handler_array+0x120/0x120
[    0.000000]  [<ffffffff81f63339>] x86_64_start_reservations+0x2a/0x2c
[    0.000000]  [<ffffffff81f63485>] x86_64_start_kernel+0x14a/0x16d
[    0.000000] ---[ end trace 4d5ff9f2f68c4233 ]---
[    0.000000] CPUID[0d, 00]: eax=00000007 ebx=00000440 ecx=00000440 edx=00000000
[    0.000000] CPUID[0d, 01]: eax=00000000 ebx=000003c0 ecx=00000000 edx=00000000
[    0.000000] CPUID[0d, 02]: eax=00000100 ebx=00000240 ecx=00000000 edx=00000000
[    0.000000] CPUID[0d, 03]: eax=00000000 ebx=00000000 ecx=00000000 edx=00000000
[    0.000000] CPUID[0d, 04]: eax=00000000 ebx=00000000 ecx=00000000 edx=00000000
[    0.000000] CPUID[0d, 05]: eax=00000000 ebx=00000000 ecx=00000000 edx=00000000
[    0.000000] CPUID[0d, 06]: eax=00000000 ebx=00000000 ecx=00000000 edx=00000000
[    0.000000] CPUID[0d, 07]: eax=00000000 ebx=00000000 ecx=00000000 edx=00000000
[    0.000000] CPUID[0d, 08]: eax=00000000 ebx=00000000 ecx=00000000 edx=00000000
[    0.000000] CPUID[0d, 09]: eax=00000000 ebx=00000000 ecx=00000000 edx=00000000
[    0.000000] CPUID[0d, 0a]: eax=00000000 ebx=00000000 ecx=00000000 edx=00000000
[    0.000000] CPUID[0d, 0b]: eax=00000000 ebx=00000000 ecx=00000000 edx=00000000
[    0.000000] CPUID[0d, 0c]: eax=00000000 ebx=00000000 ecx=00000000 edx=00000000
[    0.000000] CPUID[0d, 0d]: eax=00000000 ebx=00000000 ecx=00000000 edx=00000000
[    0.000000] CPUID[0d, 0e]: eax=00000000 ebx=00000000 ecx=00000000 edx=00000000
[    0.000000] CPUID[0d, 0f]: eax=00000000 ebx=00000000 ecx=00000000 edx=00000000
[    0.000000] CPUID[0d, 10]: eax=00000000 ebx=00000000 ecx=00000000 edx=00000000
[    0.000000] CPUID[0d, 11]: eax=00000000 ebx=00000000 ecx=00000000 edx=00000000
[    0.000000] x86/fpu: xstate_offset[2]:  576, xstate_sizes[2]:  256
[    0.000000] x86/fpu: Supporting XSAVE feature 0x01: 'x87 floating point registers'
[    0.000000] x86/fpu: Supporting XSAVE feature 0x02: 'SSE registers'
[    0.000000] x86/fpu: Supporting XSAVE feature 0x04: 'AVX registers'
[    0.000000] x86/fpu: Enabled xstate features 0x7, context size is 1088 bytes, using 'standard' format.
[    0.000000] x86/fpu: Using 'lazy' FPU context switches.
[    0.000000] e820: BIOS-provided physical RAM map:
[    0.000000] BIOS-e820: [mem 0x0000000000000000-0x000000000009fbff] usable
[    0.000000] BIOS-e820: [mem 0x000000000009fc00-0x000000000009ffff] reserved
[    0.000000] BIOS-e820: [mem 0x00000000000f0000-0x00000000000fffff] reserved
[    0.000000] BIOS-e820: [mem 0x0000000000100000-0x000000003ffeffff] usable
[    0.000000] BIOS-e820: [mem 0x000000003fff0000-0x000000003fffffff] ACPI data
[    0.000000] BIOS-e820: [mem 0x00000000fec00000-0x00000000fec00fff] reserved
[    0.000000] BIOS-e820: [mem 0x00000000fee00000-0x00000000fee00fff] reserved
[    0.000000] BIOS-e820: [mem 0x00000000fffc0000-0x00000000ffffffff] reserved
[    0.000000] NX (Execute Disable) protection: active
[    0.000000] SMBIOS 2.5 present.
[    0.000000] Hypervisor detected: KVM
[    0.000000] e820: last_pfn = 0x3fff0 max_arch_pfn = 0x400000000
[    0.000000] MTRR: Disabled
[    0.000000] x86/PAT: MTRRs disabled, skipping PAT initialization too.
[    0.000000] CPU MTRRs all blank - virtualized system.
[    0.000000] x86/PAT: Configuration [0-7]: WB  WT  UC- UC  WB  WT  UC- UC  
[    0.000000] found SMP MP-table at [mem 0x0009fff0-0x0009ffff] mapped at [ffff88000009fff0]
[    0.000000] Scanning 1 areas for low memory corruption
[    0.000000] RAMDISK: [mem 0x36ab4000-0x37551fff]
[    0.000000] ACPI: Early table checksum verification disabled
[    0.000000] ACPI: RSDP 0x00000000000E0000 000024 (v02 VBOX  )
[    0.000000] ACPI: XSDT 0x000000003FFF0030 00003C (v01 VBOX   VBOXXSDT 00000001 ASL  00000061)
[    0.000000] ACPI: FACP 0x000000003FFF00F0 0000F4 (v04 VBOX   VBOXFACP 00000001 ASL  00000061)
[    0.000000] ACPI: DSDT 0x000000003FFF0470 0021FF (v02 VBOX   VBOXBIOS 00000002 INTL 20160108)
[    0.000000] ACPI: FACS 0x000000003FFF0200 000040
[    0.000000] ACPI: FACS 0x000000003FFF0200 000040
[    0.000000] ACPI: APIC 0x000000003FFF0240 00005C (v02 VBOX   VBOXAPIC 00000001 ASL  00000061)
[    0.000000] ACPI: SSDT 0x000000003FFF02A0 0001CC (v01 VBOX   VBOXCPUT 00000002 INTL 20160108)
[    0.000000] No NUMA configuration found
[    0.000000] Faking a node at [mem 0x0000000000000000-0x000000003ffeffff]
[    0.000000] NODE_DATA(0) allocated [mem 0x3ffeb000-0x3ffeffff]
[    0.000000] kvm-clock: Using msrs 4b564d01 and 4b564d00
[    0.000000] kvm-clock: cpu 0, msr 0:3ffe3001, primary cpu clock
[    0.000000] kvm-clock: using sched offset of 2952963411 cycles
[    0.000000] clocksource: kvm-clock: mask: 0xffffffffffffffff max_cycles: 0x1cd42e4dffb, max_idle_ns: 881590591483 ns
[    0.000000] Zone ranges:
[    0.000000]   DMA      [mem 0x0000000000001000-0x0000000000ffffff]
[    0.000000]   DMA32    [mem 0x0000000001000000-0x000000003ffeffff]
[    0.000000]   Normal   empty
[    0.000000]   Device   empty
[    0.000000] Movable zone start for each node
[    0.000000] Early memory node ranges
[    0.000000]   node   0: [mem 0x0000000000001000-0x000000000009efff]
[    0.000000]   node   0: [mem 0x0000000000100000-0x000000003ffeffff]
[    0.000000] Initmem setup node 0 [mem 0x0000000000001000-0x000000003ffeffff]
[    0.000000] ACPI: PM-Timer IO Port: 0x4008
[    0.000000] IOAPIC[0]: apic_id 2, version 32, address 0xfec00000, GSI 0-23
[    0.000000] ACPI: INT_SRC_OVR (bus 0 bus_irq 0 global_irq 2 dfl dfl)
[    0.000000] ACPI: INT_SRC_OVR (bus 0 bus_irq 9 global_irq 9 high level)
[    0.000000] Using ACPI (MADT) for SMP configuration information
[    0.000000] smpboot: Allowing 2 CPUs, 0 hotplug CPUs
[    0.000000] PM: Registered nosave memory: [mem 0x00000000-0x00000fff]
[    0.000000] PM: Registered nosave memory: [mem 0x0009f000-0x0009ffff]
[    0.000000] PM: Registered nosave memory: [mem 0x000a0000-0x000effff]
[    0.000000] PM: Registered nosave memory: [mem 0x000f0000-0x000fffff]
[    0.000000] e820: [mem 0x40000000-0xfebfffff] available for PCI devices
[    0.000000] Booting paravirtualized kernel on KVM
[    0.000000] clocksource: refined-jiffies: mask: 0xffffffff max_cycles: 0xffffffff, max_idle_ns: 7645519600211568 ns
[    0.000000] setup_percpu: NR_CPUS:512 nr_cpumask_bits:512 nr_cpu_ids:2 nr_node_ids:1
[    0.000000] PERCPU: Embedded 34 pages/cpu @ffff88003fc00000 s99544 r8192 d31528 u1048576
[    0.000000] PV qspinlock hash table entries: 256 (order: 0, 4096 bytes)
[    0.000000] Built 1 zonelists in Node order, mobility grouping on.  Total pages: 257912
[    0.000000] Policy zone: DMA32
[    0.000000] Kernel command line: BOOT_IMAGE=/boot/vmlinuz-4.4.0-127-generic root=LABEL=cloudimg-rootfs ro console=tty1 console=ttyS0
[    0.000000] PID hash table entries: 4096 (order: 3, 32768 bytes)
[    0.000000] Memory: 1001648K/1048120K available (8537K kernel code, 1313K rwdata, 4000K rodata, 1512K init, 1316K bss, 46472K reserved, 0K cma-reserved)
[    0.000000] SLUB: HWalign=64, Order=0-3, MinObjects=0, CPUs=2, Nodes=1
[    0.000000] Kernel/User page tables isolation: enabled
[    0.000000] Hierarchical RCU implementation.
[    0.000000] 	Build-time adjustment of leaf fanout to 64.
[    0.000000] 	RCU restricting CPUs from NR_CPUS=512 to nr_cpu_ids=2.
[    0.000000] RCU: Adjusting geometry for rcu_fanout_leaf=64, nr_cpu_ids=2
[    0.000000] NR_IRQS:33024 nr_irqs:440 16
[    0.000000] Console: colour VGA+ 80x25
[    0.000000] console [tty1] enabled
[    0.000000] console [ttyS0] enabled
[    0.000000] tsc: Detected 2399.998 MHz processor
[    5.390312] Calibrating delay loop (skipped) preset value.. 4799.99 BogoMIPS (lpj=9599992)
[    5.425340] pid_max: default: 32768 minimum: 301
[    5.496125] ACPI: Core revision 20150930
[    5.502629] ACPI: 2 ACPI AML tables successfully acquired and loaded
[    5.503502] Security Framework initialized
[    5.504077] Yama: becoming mindful.
[    5.504596] AppArmor: AppArmor initialized
[    5.505218] Dentry cache hash table entries: 131072 (order: 8, 1048576 bytes)
[    5.549562] Inode-cache hash table entries: 65536 (order: 7, 524288 bytes)
[    5.619379] Mount-cache hash table entries: 2048 (order: 2, 16384 bytes)
[    5.705154] Mountpoint-cache hash table entries: 2048 (order: 2, 16384 bytes)
[    5.755120] Initializing cgroup subsys io
[    5.760970] Initializing cgroup subsys memory
[    5.761561] Initializing cgroup subsys devices
[    5.762157] Initializing cgroup subsys freezer
[    5.762745] Initializing cgroup subsys net_cls
[    5.763332] Initializing cgroup subsys perf_event
[    5.763942] Initializing cgroup subsys net_prio
[    5.764563] Initializing cgroup subsys hugetlb
[    5.765209] Initializing cgroup subsys pids
[    5.820686] CPU: Physical Processor ID: 0
[    5.839948] CPU: Processor Core ID: 0
[    5.894437] mce: CPU supports 0 MCE banks
[    5.956116] Last level iTLB entries: 4KB 64, 2MB 8, 4MB 8
[    5.966478] Last level dTLB entries: 4KB 64, 2MB 0, 4MB 0, 1GB 4
[    5.967217] Spectre V2 : Mitigation: Full generic retpoline
[    6.058978] Spectre V2 : Speculation control IBPB not-supported IBRS not-supported
[    6.157474] Spectre V2 : Filling RSB on context switch
[    6.242328] Speculative Store Bypass: Vulnerable
[    6.287546] Freeing SMP alternatives memory: 32K
[    6.312670] ftrace: allocating 32237 entries in 126 pages
[    6.396339] smpboot: APIC(0) Converting physical 0 to logical package 0
[    6.465360] smpboot: Max logical packages: 1
[    6.470101] x2apic enabled
[    6.470714] Switched APIC routing to physical x2apic.
[    6.472339] ..TIMER: vector=0x30 apic1=0 pin1=2 apic2=-1 pin2=-1
[    6.648395] smpboot: CPU0: Intel(R) Core(TM) i7-7560U CPU @ 2.40GHz (family: 0x6, model: 0x8e, stepping: 0x9)
[    6.757529] Performance Events: unsupported p6 CPU model 142 no PMU driver, software events only.
[    6.758798] KVM setup paravirtual spinlock
[    6.788160] x86: Booting SMP configuration:
[    6.860508] .... node  #0, CPUs:      #1
[    6.892895] kvm-clock: cpu 1, msr 0:3ffe3041, secondary cpu clock
[    6.908779] mce: CPU supports 0 MCE banks
[    6.911185] x86: Booted up 1 node, 2 CPUs
[    6.933472] smpboot: Total of 2 processors activated (9599.99 BogoMIPS)
[    6.934634] devtmpfs: initialized
[    6.936519] evm: security.selinux
[    6.942219] evm: security.SMACK64
[    6.942710] evm: security.SMACK64EXEC
[    6.943232] evm: security.SMACK64TRANSMUTE
[    6.943791] evm: security.SMACK64MMAP
[    6.944319] evm: security.ima
[    6.944780] evm: security.capability
[    6.945433] clocksource: jiffies: mask: 0xffffffff max_cycles: 0xffffffff, max_idle_ns: 7645041785100000 ns
[    6.948816] futex hash table entries: 512 (order: 3, 32768 bytes)
[    6.987395] pinctrl core: initialized pinctrl subsystem
[    7.032398] RTC time: 15:23:13, date: 01/11/19
[    7.033152] NET: Registered protocol family 16
[    7.092548] cpuidle: using governor ladder
[    7.160673] cpuidle: using governor menu
[    7.203946] PCCT header not found.
[    7.258819] ACPI: bus type PCI registered
[    7.259408] acpiphp: ACPI Hot Plug PCI Controller Driver version: 0.5
[    7.344014] PCI: Using configuration type 1 for base access
[    7.441624] ACPI: Added _OSI(Module Device)
[    7.456834] ACPI: Added _OSI(Processor Device)
[    7.461172] ACPI: Added _OSI(3.0 _SCP Extensions)
[    7.462097] ACPI: Added _OSI(Processor Aggregator Device)
[    7.463684] ACPI: Executed 1 blocks of module-level executable AML code
[    7.467765] ACPI: Interpreter enabled
[    7.468383] ACPI: (supports S0 S5)
[    7.468953] ACPI: Using IOAPIC for interrupt routing
[    7.469896] PCI: Using host bridge windows from ACPI; if necessary, use "pci=nocrs" and report a bug
[    7.620940] ACPI: PCI Root Bridge [PCI0] (domain 0000 [bus 00-ff])
[    7.713019] acpi PNP0A03:00: _OSC: OS supports [ASPM ClockPM Segments MSI]
[    7.789565] acpi PNP0A03:00: _OSC: not requesting OS control; OS requires [ExtendedConfig ASPM ClockPM MSI]
[    7.915829] acpi PNP0A03:00: fail to add MMCONFIG information, can't access extended PCI configuration space under this bridge.
[    8.006675] PCI host bridge to bus 0000:00
[    8.063142] pci_bus 0000:00: root bus resource [io  0x0000-0x0cf7 window]
[    8.175319] pci_bus 0000:00: root bus resource [io  0x0d00-0xffff window]
[    8.209166] pci_bus 0000:00: root bus resource [mem 0x000a0000-0x000bffff window]
[    8.281024] pci_bus 0000:00: root bus resource [mem 0x40000000-0xffdfffff window]
[    8.282042] pci_bus 0000:00: root bus resource [bus 00-ff]
[    8.329604] pci 0000:00:01.1: legacy IDE quirk: reg 0x10: [io  0x01f0-0x01f7]
[    8.485030] pci 0000:00:01.1: legacy IDE quirk: reg 0x14: [io  0x03f6]
[    8.578830] pci 0000:00:01.1: legacy IDE quirk: reg 0x18: [io  0x0170-0x0177]
[    8.579710] pci 0000:00:01.1: legacy IDE quirk: reg 0x1c: [io  0x0376]
[    8.592949] pci 0000:00:07.0: quirk: [io  0x4000-0x403f] claimed by PIIX4 ACPI
[    8.694424] pci 0000:00:07.0: quirk: [io  0x4100-0x410f] claimed by PIIX4 SMB
[    8.807826] ACPI: PCI Interrupt Link [LNKA] (IRQs 5 9 10 *11)
[    8.835584] ACPI: PCI Interrupt Link [LNKB] (IRQs 5 9 10 *11)
[    8.852931] ACPI: PCI Interrupt Link [LNKC] (IRQs 5 9 *10 11)
[    8.861342] ACPI: PCI Interrupt Link [LNKD] (IRQs 5 *9 10 11)
[    8.862451] ACPI: Enabled 2 GPEs in block 00 to 07
[    8.900731] vgaarb: setting as boot device: PCI:0000:00:02.0
[    8.996832] vgaarb: device added: PCI:0000:00:02.0,decodes=io+mem,owns=io+mem,locks=none
[    9.112372] vgaarb: loaded
[    9.164985] vgaarb: bridge control possible 0000:00:02.0
[    9.277964] SCSI subsystem initialized
[    9.338001] ACPI: bus type USB registered
[    9.412058] usbcore: registered new interface driver usbfs
[    9.428425] usbcore: registered new interface driver hub
[    9.429115] usbcore: registered new device driver usb
[    9.431539] PCI: Using ACPI for IRQ routing
[    9.487344] NetLabel: Initializing
[    9.544299] NetLabel:  domain hash size = 128
[    9.601437] NetLabel:  protocols = UNLABELED CIPSOv4
[    9.602208] NetLabel:  unlabeled traffic allowed by default
[    9.604292] amd_nb: Cannot enumerate AMD northbridges
[    9.605114] clocksource: Switched to clocksource kvm-clock
[    9.611496] AppArmor: AppArmor Filesystem Enabled
[    9.617590] pnp: PnP ACPI init
[    9.618657] pnp: PnP ACPI: found 3 devices
[    9.627924] clocksource: acpi_pm: mask: 0xffffff max_cycles: 0xffffff, max_idle_ns: 2085701024 ns
[    9.858287] NET: Registered protocol family 2
[    9.913690] TCP established hash table entries: 8192 (order: 4, 65536 bytes)
[    9.914628] TCP bind hash table entries: 8192 (order: 5, 131072 bytes)
[    9.915505] TCP: Hash tables configured (established 8192 bind 8192)
[    9.916368] UDP hash table entries: 512 (order: 2, 16384 bytes)
[    9.917189] UDP-Lite hash table entries: 512 (order: 2, 16384 bytes)
[    9.918073] NET: Registered protocol family 1
[    9.918741] pci 0000:00:00.0: Limiting direct PCI/PCI transfers
[    9.919552] pci 0000:00:01.0: Activating ISA DMA hang workarounds
[    9.920467] Unpacking initramfs...
[   11.312842] Freeing initrd memory: 10872K
[   11.378953] platform rtc_cmos: registered platform RTC device (no PNP device found)
[   11.508014] Scanning for low memory corruption every 60 seconds
[   11.639173] audit: initializing netlink subsys (disabled)
[   11.643406] audit: type=2000 audit(1547220193.784:1): initialized
[   11.644452] Initialise system trusted keyring
[   11.645351] HugeTLB registered 2 MB page size, pre-allocated 0 pages
[   11.647346] zbud: loaded
[   11.648120] VFS: Disk quotas dquot_6.6.0
[   11.648778] VFS: Dquot-cache hash table entries: 512 (order 0, 4096 bytes)
[   11.649924] squashfs: version 4.0 (2009/01/31) Phillip Lougher
[   11.656531] fuse init (API version 7.23)
[   11.657307] Key type big_key registered
[   11.657947] Allocating IMA MOK and blacklist keyrings.
[   11.660653] Key type asymmetric registered
[   11.661298] Asymmetric key parser 'x509' registered
[   11.670872] Block layer SCSI generic (bsg) driver version 0.4 loaded (major 249)
[   11.672058] io scheduler noop registered
[   11.672783] io scheduler deadline registered (default)
[   11.673611] io scheduler cfq registered
[   11.674313] pci_hotplug: PCI Hot Plug PCI Core version: 0.5
[   11.675079] pciehp: PCI Express Hot Plug Controller Driver version: 0.4
[   11.676049] ACPI: AC Adapter [AC] (off-line)
[   11.676755] input: Power Button as /devices/LNXSYSTM:00/LNXPWRBN:00/input/input0
[   11.677946] ACPI: Power Button [PWRF]
[   11.679093] input: Sleep Button as /devices/LNXSYSTM:00/LNXSLPBN:00/input/input1
[   11.681270] ACPI: Sleep Button [SLPF]
[   11.682618] ACPI: Battery Slot [BAT0] (battery present)
[   11.686786] GHES: HEST is not enabled!
[   11.687514] Serial: 8250/16550 driver, 32 ports, IRQ sharing enabled
[   11.709800] 00:02: ttyS0 at I/O 0x3f8 (irq = 4, base_baud = 115200) is a 16550A
[   11.719167] Linux agpgart interface v0.103
[   11.724806] loop: module loaded
[   11.728267] scsi host0: ata_piix
[   11.730443] scsi host1: ata_piix
[   11.731044] ata1: PATA max UDMA/33 cmd 0x1f0 ctl 0x3f6 bmdma 0xd000 irq 14
[   11.731983] ata2: PATA max UDMA/33 cmd 0x170 ctl 0x376 bmdma 0xd008 irq 15
[   11.733019] libphy: Fixed MDIO Bus: probed
[   11.733706] tun: Universal TUN/TAP device driver, 1.6
[   11.734447] tun: (C) 1999-2004 Max Krasnyansky <maxk@qualcomm.com>
[   11.735302] PPP generic driver version 2.4.2
[   11.735986] ehci_hcd: USB 2.0 'Enhanced' Host Controller (EHCI) Driver
[   11.736902] ehci-pci: EHCI PCI platform driver
[   11.737723] ehci-platform: EHCI generic platform driver
[   11.744231] ohci_hcd: USB 1.1 'Open' Host Controller (OHCI) Driver
[   11.745114] ohci-pci: OHCI PCI platform driver
[   11.745827] ohci-platform: OHCI generic platform driver
[   11.746562] uhci_hcd: USB Universal Host Controller Interface driver
[   11.747509] i8042: PNP: PS/2 Controller [PNP0303:PS2K,PNP0f03:PS2M] at 0x60,0x64 irq 1,12
[   11.749238] serio: i8042 KBD port at 0x60,0x64 irq 1
[   11.750023] serio: i8042 AUX port at 0x60,0x64 irq 12
[   11.750829] mousedev: PS/2 mouse device common for all mice
[   11.755767] rtc_cmos rtc_cmos: rtc core: registered rtc_cmos as rtc0
[   11.758172] rtc_cmos rtc_cmos: alarms up to one day, 114 bytes nvram
[   11.759077] input: AT Translated Set 2 keyboard as /devices/platform/i8042/serio0/input/input2
[   11.762567] i2c /dev entries driver
[   11.762622] device-mapper: uevent: version 1.0.3
[   11.777237] device-mapper: ioctl: 4.34.0-ioctl (2015-10-28) initialised: dm-devel@redhat.com
[   11.777256] ledtrig-cpu: registered to indicate activity on CPUs
[   11.781851] NET: Registered protocol family 10
[   11.781987] NET: Registered protocol family 17
[   11.781998] Key type dns_resolver registered
[   11.782193] registered taskstats version 1
[   11.782208] Loading compiled-in X.509 certificates
[   11.782661] Loaded X.509 cert 'Build time autogenerated kernel key: 9f6f572a3ee0cb468eb8db4aa61815bc74ef6adb'
[   11.782675] zswap: loaded using pool lzo/zbud
[   11.783798] Key type trusted registered
[   11.785602] Key type encrypted registered
[   11.785607] AppArmor: AppArmor sha1 policy hashing enabled
[   11.785610] ima: No TPM chip found, activating TPM-bypass!
[   11.785624] evm: HMAC attrs: 0x1
[   11.785890]   Magic number: 3:209:386
[   11.785905] thermal cooling_device1: hash matches
[   11.788083] rtc_cmos rtc_cmos: setting system clock to 2019-01-11 15:23:18 UTC (1547220198)
[   11.788152] BIOS EDD facility v0.16 2004-Jun-25, 0 devices found
[   11.788152] EDD information not available.
[   11.902765] Freeing unused kernel memory: 1512K
[   12.007577] Write protecting the kernel read-only data: 14336k
[   12.019319] Freeing unused kernel memory: 1692K
[   12.020081] Freeing unused kernel memory: 96K
Loading, please wait...
starting version[   12.030251] random: systemd-udevd: uninitialized urandom read (16 bytes read, 3 bits of entropy available)
 229
[   12.030640] random: udevadm: uninitialized urandom read (16 bytes read, 3 bits of entropy available)
[   12.030654] random: udevadm: uninitialized urandom read (16 bytes read, 3 bits of entropy available)
[   12.036562] random: udevadm: uninitialized urandom read (16 bytes read, 3 bits of entropy available)
[   12.036594] random: udevadm: uninitialized urandom read (16 bytes read, 3 bits of entropy available)
[   12.036688] random: udevadm: uninitialized urandom read (16 bytes read, 3 bits of entropy available)
[   12.036723] random: udevadm: uninitialized urandom read (16 bytes read, 3 bits of entropy available)
[   12.036757] random: udevadm: uninitialized urandom read (16 bytes read, 3 bits of entropy available)
[   12.036792] random: udevadm: uninitialized urandom read (16 bytes read, 3 bits of entropy available)
[   12.036825] random: udevadm: uninitialized urandom read (16 bytes read, 3 bits of entropy available)
[   12.473521] tsc: Refined TSC clocksource calibration: 2399.913 MHz
[   12.514428] clocksource: tsc: mask: 0xffffffffffffffff max_cycles: 0x2297e55e122, max_idle_ns: 440795278717 ns
[   12.667463] e1000: Intel(R) PRO/1000 Network Driver - version 7.3.21-k8-NAPI
[   12.787816] e1000: Copyright (c) 1999-2006 Intel Corporation.
[   12.797327] Fusion MPT base driver 3.04.20
[   12.824875] Copyright (c) 1999-2008 LSI Corporation
[   12.827498] AVX version of gcm_enc/dec engaged.
[   12.835857] AES CTR mode by8 optimization enabled
[   12.852636] Fusion MPT SPI Host driver 3.04.20
[   12.997495] input: ImExPS/2 Generic Explorer Mouse as /devices/platform/i8042/serio1/input/input4
[   13.130202] e1000 0000:00:03.0 eth0: (PCI:33MHz:32-bit) 02:ff:33:8f:0e:5d
[   13.167839] e1000 0000:00:03.0 eth0: Intel(R) PRO/1000 Network Connection
[   13.170023] mptbase: ioc0: Initiating bringup
[   13.237566] ioc0: LSI53C1030 A0: Capabilities={Initiator}
[   13.414945] scsi host2: ioc0: LSI53C1030 A0, FwRev=00000000h, Ports=1, MaxQ=256, IRQ=20
[   13.790615] scsi 2:0:0:0: Direct-Access     VBOX     HARDDISK         1.0  PQ: 0 ANSI: 5
[   13.923918] scsi target2:0:0: Beginning Domain Validation
[   13.986796] scsi target2:0:0: Domain Validation skipping write tests
[   14.072251] scsi target2:0:0: Ending Domain Validation
[   14.073022] scsi target2:0:0: asynchronous
[   14.127110] e1000 0000:00:08.0 eth1: (PCI:33MHz:32-bit) 08:00:27:96:3d:d8
[   14.127113] e1000 0000:00:08.0 eth1: Intel(R) PRO/1000 Network Connection
[   14.439407] e1000 0000:00:03.0 enp0s3: renamed from eth0
[   14.472431] scsi 2:0:1:0: Direct-Access     VBOX     HARDDISK         1.0  PQ: 0 ANSI: 5
[   14.515487] scsi target2:0:1: Beginning Domain Validation
[   14.517611] scsi target2:0:1: Domain Validation skipping write tests
[   14.520795] scsi target2:0:1: Ending Domain Validation
[   14.521602] scsi target2:0:1: asynchronous
[   14.525341] e1000 0000:00:08.0 enp0s8: renamed from eth1
[   14.529365] sd 2:0:0:0: Attached scsi generic sg0 type 0
[   14.757867] sd 2:0:0:0: [sda] 20971520 512-byte logical blocks: (10.7 GB/10.0 GiB)
[   14.762456] sd 2:0:1:0: Attached scsi generic sg1 type 0
[   14.762478] sd 2:0:1:0: [sdb] 20480 512-byte logical blocks: (10.5 MB/10.0 MiB)
[   14.762737] sd 2:0:1:0: [sdb] Write Protect is off
[   14.762793] sd 2:0:1:0: [sdb] Incomplete mode parameter data
[   14.762794] sd 2:0:1:0: [sdb] Assuming drive cache: write through
[   14.770643] sd 2:0:1:0: [sdb] Attached SCSI disk
[   14.785575] sd 2:0:0:0: [sda] Write Protect is off
[   14.951219] sd 2:0:0:0: [sda] Incomplete mode parameter data
[   14.997831] sd 2:0:0:0: [sda] Assuming drive cache: write through
[   15.006532]  sda: sda1
[   15.062591] sd 2:0:0:0: [sda] Attached SCSI disk
Begin: Loading e[   16.362825] md: linear personality registered for level -1
ssential drivers ... [   16.368368] md: multipath personality registered for level -4
[   16.451662] md: raid0 personality registered for level 0
[   16.558975] md: raid1 personality registered for level 1
[   16.729653] raid6: sse2x1   gen() 10440 MB/s
[   16.817174] raid6: sse2x1   xor()  7130 MB/s
[   16.893293] raid6: sse2x2   gen() 12560 MB/s
[   16.977180] raid6: sse2x2   xor()  9261 MB/s
[   17.067156] raid6: sse2x4   gen() 14673 MB/s
[   17.157170] raid6: sse2x4   xor() 10255 MB/s
[   17.167842] raid6: using algorithm sse2x4 gen() 14673 MB/s
[   17.168638] raid6: .... xor() 10255 MB/s, rmw enabled
[   17.169354] raid6: using ssse3x2 recovery algorithm
[   17.171190] xor: automatically using best checksumming function:
[   17.341160]    avx       : 21021.000 MB/sec
[   17.388307] async_tx: api initialized (async)
[   17.396130] md: raid6 personality registered for level 6
[   17.415780] md: raid5 personality registered for level 5
[   17.416542] md: raid4 personality registered for level 4
[   17.421407] md: raid10 personality registered for level 10
done.
Begin: Running /scripts/init-premount ... done.
Begin: Mounting root file[   17.458199] Btrfs loaded
 system ... Begin: Running /scripts/local-top ... done.
Begin: Running /scripts/local-premount ... Scanning for Btrfs filesystems
done.
Warning: fsck not present, so skipping root file system
[   17.483791] EXT4-fs (sda1): mounted filesystem with ordered data mode. Opts: (null)
done.
Begin: Running /scripts/local-bottom ... done.
Begin: Running /scripts/init-bottom ... done.
[   17.562379] systemd[1]: systemd 229 running in system mode. (+PAM +AUDIT +SELINUX +IMA +APPARMOR +SMACK +SYSVINIT +UTMP +LIBCRYTTEEUU  +GCRYPT +GNUTLS +ACL +XZ -LZ4 +SECCOMP +BLKID +ELFUTILS +KMOD -IDN)
[   18.398539] systemd[1]: Detected virtualization oracle.
[   18.435002] systemd[1]: Detected architecture x86-64.

Welcome to [1mUbuntu 16.04.4 LTS[0m!

[   18.444436] systemd[1]: Set hostname to <ubuntu>.
[   18.446419] systemd[1]: Initializing machine ID from random generator.
[   18.567629] systemd[1]: Installed transient /etc/machine-id file.
[   18.666994] systemd[1]: Created slice User and Session Slice.
[[0;32m  OK  [0m] Created slice User and Session Slice.
[   18.680596] systemd[1]: Listening on udev Control Socket.
[[0;32m  OK  [0m] Listening on udev Control Socket.
[   18.697606] systemd[1]: Listening on LVM2 metadata daemon socket.
[[0;32m  OK  [0m] Listening on LVM2 metadata daemon socket.
[   18.979025] systemd[1]: Reached target User and Group Name Lookups.
[[0;32m  OK  [0m] Reached target User and Group Name Lookups.
[   18.994006] systemd[1]: Started Trigger resolvconf update for networkd DNS.
[[0;32m  OK  [0m] Started Trigger resolvconf update for networkd DNS.
[   19.003581] systemd[1]: Set up automount Arbitrary Executable File Formats File System Automount Point.
[[0;32m  OK  [0m] Set up automount Arbitrary Executab...ats File System Automount Point.
[   19.041842] systemd[1]: Listening on Device-mapper event daemon FIFOs.
[[0;32m  OK  [0m] Listening on Device-mapper event daemon FIFOs.
[   19.453265] systemd[1]: Listening on Syslog Socket.
[[0;32m  OK  [0m] Listening on Syslog Socket.
[   19.493309] systemd[1]: Listening on Journal Audit Socket.
[[0;32m  OK  [0m] Listening on Journal Audit Socket.
[   19.741635] systemd[1]: Listening on Journal Socket (/dev/log).
[[0;32m  OK  [0m] Listening on Journal Socket (/dev/log).
[   19.807276] systemd[1]: Listening on /dev/initctl Compatibility Named Pipe.
[[0;32m  OK  [0m] Listening on /dev/initctl Compatibility Named Pipe.
[   19.812995] systemd[1]: Started Forward Password Requests to Wall Directory Watch.
[[0;32m  OK  [0m] Started Forward Password Requests to Wall Directory Watch.
[   19.817282] systemd[1]: Created slice System Slice.
[[0;32m  OK  [0m] Created slice System Slice.
[   19.819570] systemd[1]: Reached target Slices.
[[0;32m  OK  [0m] Reached target Slices.
[   19.989645] systemd[1]: Listening on Journal Socket.
[[0;32m  OK  [0m] Listening on Journal Socket.
[   20.001755] systemd[1]: Starting Set console keymap...
         Startin[   20.259902] random: nonblocking pool is initialized
g Set console keymap...
[   20.268937] systemd[1]: Mounting Huge Pages File System...
         Mounting Huge Pages File System...
[   20.341520] systemd[1]: Starting Load Kernel Modules...
         Starting Load Kernel Modules...
[   20.348771] systemd[1]: Starting Create list of required static device nodes for the current kernel...
         Startin[   20.352889] Loading iSCSI transport class v2.0-870.
g Create list of[   20.465330] iscsi: registered transport (tcp)
 required st... nodes for the current kernel...
[   20.552121] systemd[1]: Reached target Swap.
[[0;32m  OK  [0m] Reached target Swap.
[   20.560312] iscsi: registered transport (iser)
[   20.617422] systemd[1]: Starting Journal Service...
         Starting Journal Service...
[   20.661485] systemd[1]: Reached target System Time Synchronized.
[[0;32m  OK  [0m] Reached target System Time Synchronized.
[   20.800340] systemd[1]: Starting Remount Root and Kernel File Systems...
         Startin[   20.804918] EXT4-fs (sda1): re-mounted. Opts: (null)
g Remount Root and Kernel File Systems...
[   20.937565] systemd[1]: Mounting POSIX Message Queue File System...
         Mounting POSIX Message Queue File System...
[   21.079929] systemd[1]: Reached target Encrypted Volumes.
[[0;32m  OK  [0m] Reached target Encrypted Volumes.
[   21.085852] systemd[1]: Starting Nameserver information manager...
         Starting Nameserver information manager...
[   21.093337] systemd[1]: Created slice system-serial\x2dgetty.slice.
[[0;32m  OK  [0m] Created slice system-serial\x2dgetty.slice.
[   21.113412] systemd[1]: Mounting Debug File System...
         Mounting Debug File System...
[   21.122565] systemd[1]: Listening on LVM2 poll daemon socket.
[[0;32m  OK  [0m] Listening on LVM2 poll daemon socket.
[   21.159204] systemd[1]: Starting Monitoring of LVM2 mirrors, snapshots etc. using dmeventd or progress polling...
         Starting Monitoring of LVM2 mirrors... dmeventd or progress polling...
[   21.254403] systemd[1]: Starting Uncomplicated firewall...
         Starting Uncomplicated firewall...
[   21.280029] systemd[1]: Listening on udev Kernel Socket.
[[0;32m  OK  [0m] Listening on udev Kernel Socket.
[   21.294168] systemd[1]: Mounted POSIX Message Queue File System.
[[0;32m  OK  [0m] Mounted POSIX Message Queue File System.
[   21.330772] systemd[1]: Mounted Debug File System.
[[0;32m  OK  [0m] Mounted Debug File System.
[   21.333069] systemd[1]: Mounted Huge Pages File System.
[[0;32m  OK  [0m] Mounted Huge Pages File System.
[   21.335646] systemd[1]: Started Journal Service.
[[0;32m  OK  [0m] Started Journal Service.
[[0;32m  OK  [0m] Started Set console keymap.
[[0;32m  OK  [0m] Started Load Kernel Modules.
[[0;32m  OK  [0m] Started Create list of required sta...ce nodes for the current kernel.
[[0;32m  OK  [0m] Started Remount Root and Kernel File Systems.
[[0;32m  OK  [0m] Started Uncomplicated firewall.
[[0;32m  OK  [0m] Started Nameserver information manager.
[[0;32m  OK  [0m] Started LVM2 metadata daemon.
         Starting Load/Save Random Seed...
         Starting udev Coldplug all Devices...
         Starting Create Static Device Nodes in /dev...
         Starting Apply Kernel Variables...
         Mounting FUSE Control File System...
         Starting Flush Journal to Persistent Storage...
[[0;32m  OK  [0m] Mounted FUSE Control File System.
[[0;32m  OK  [0m] Started Load/Save Random Seed.
[[0;32m  OK  [0m] Started Create Static Device Nodes in /dev.
[[0;32m  OK  [0m] Started Monitoring of LVM2 mirrors,...ng dmeventd or progress polling.
[[0;32m  OK  [0m] Started Apply Kernel Variables.
[[0;32m  OK  [0m] Started udev Coldplug all Devices.
[[0;32m  OK  [0m] Started Flush Journal to Persistent Storage.
         Starting udev Kernel Device Manager...
[[0;32m  OK  [0m] Started udev Kernel Device Manager.
[[0;32m  OK  [0m] Reached target Local File Systems (Pre).
[[0;32m  OK  [0m] Reached target Local File Systems.
         Starting Commit a transient machine-id on disk...
         Starting Create Volatile Files and Directories...
         Starting Set console font and keymap...
         Starting LSB: AppArmor initialization...
         Starting Initial cloud-init job (pre-networking)...
         Starting Tell Plymouth To Write Out Runtime Data...
[[0;32m  OK  [0m] Started Dispatch Password Requests to Console Directory Watch.
[[0;32m  OK  [0m] Started Commit a transient machine-id on disk.
[[0;32m  OK  [0m] Started Create Volatile Files and Directories.
[[0;32m  OK  [0m] Started Tell Plymouth To Write Out Runtime Data.
[[0;32m  OK  [0m] Found device /dev/ttyS0.
[[0;32m  OK  [0m] Started Set console font and keymap.
[[0;32m  OK  [0m] Created slice system-getty.slice.
[[0;32m  OK  [0m] Listening on Load/Save RF Kill Switch Status /dev/rfkill Watch.
         Starting Update UTMP about System Boot/Shutdown...
[[0;32m  OK  [0m] Started Update UTMP about System Boot/Shutdown.
[[0;32m  OK  [0m] Started Initial cloud-init job (pre-networking).
[[0;32m  OK  [0m] Reached target Network (Pre).
[   13.810965] cloud-init[558]: Cloud-init v. 18.2 running 'init-local' at Fri, 11 Jan 2019 15:23:29 +0000. Up 13.44 seconds.
[[0;32m  OK  [0m] Started LSB: AppArmor initialization.
         Starting Raise network interfaces...
[[0;32m  OK  [0m] Started Raise network interfaces.
[[0;32m  OK  [0m] Reached target Network.
         Starting Initial cloud-init job (metadata service crawler)...
[   14.927717] cloud-init[967]: Cloud-init v. 18.2 running 'init' at Fri, 11 Jan 2019 15:23:30 +0000. Up 14.45 seconds.
[   14.975144] cloud-init[967]: ci-info: +++++++++++++++++++++++++++++++++++++Net device info++++++++++++++++++++++++++++++++++++++
[   14.975253] cloud-init[967]: ci-info: +--------+-------+---------------------------+---------------+-------+-------------------+
[[0;32m  OK  [0m] Started Initial cloud-init job (metadata service crawler).
[   14.975364] cloud-init[967]: ci-info: | Device |   Up  |          Address          |      Mask     | Scope |     Hw-Address    |
[   14.981662] cloud-init[967]: ci-info: +--------+-------+---------------------------+---------------+-------+-------------------+
[   14.981868] cloud-init[967]: ci-info: | enp0s3 |  True |         10.0.2.15         | 255.255.255.0 |   .   | 02:ff:33:8f:0e:5d |
[[0;32m  OK  [0m] Reached target System Initialization.
[   14.982000] cloud-init[967]: ci-info: | enp0s3 |  True | fe80::ff:33ff:fe8f:e5d/64 |       .       |  link | 02:ff:33:8f:0e:5d |
[   15.149901] cloud-init[967]: ci-info: | enp0s8 | False |             .             |       .       |   .   | 08:00:27:96:3d:d8 |
[   15.150661] cloud-init[967]: ci-info: |   lo   |  True |         127.0.0.1         |   255.0.0.0   |   .   |         .         |
[   15.151128] cloud-init[967]: ci-info: |   lo   |  True |          ::1/128          |       .       |  host |         .         |
[   15.151582] cloud-init[967]: ci-info: +--------+-------+---------------------------+---------------+-------+-------------------+
[   15.152154] cloud-init[967]: ci-info: +++++++++++++++++++++++++++Route IPv4 info++++++++++++++++++++++++++++
[[0;32m  OK  [0m] Started ACPI Events Check.
[[   15.152609] cloud-init[967]: ci-info: +-------+-------------+----------+---------------+-----------+-------+
[   15.262520] cloud-init[967]: ci-info: | Route | Destination | Gateway  |    Genmask    | Interface | Flags |
[   15.262976] cloud-init[967]: ci-info: +-------+-------------+----------+---------------+-----------+-------+
[0;32m  OK  [0m] Reached target Paths.[   15.263562] 
cloud-init[967]: ci-info: |   0   |   0.0.0.0   | 10.0.2.2 |    0.0.0.0    |   enp0s3  |   UG  |
[   15.388871] cloud-init[967]: ci-info: |   1   |   10.0.2.0  | 0.0.0.0  | 255.255.255.0 |   enp0s3  |   U   |
[   15.389803] cloud-init[967]: ci-info: +-------+-------------+----------+---------------+-----------+-------+
[[0;32m  OK  [0m] Started Daily apt download activities.
[[   15.390296] cloud-init[967]: Generating public/private rsa key pair.
[0;32m  OK  [0m] Listening on UUID daemon activation socket.
[   15.433429] cloud-init[967]: Your identification has been saved in /etc/ssh/ssh_host_rsa_key.
         Starting Socket activation for snappy daemon.
[[   15.470000] cloud-init[967]: Your public key has been saved in /etc/ssh/ssh_host_rsa_key.pub.
[   15.480921] cloud-init[967]: The key fingerprint is:
[   15.481374] cloud-init[967]: SHA256:zE3I97jFv4IUVrOWv8y4FtBat5k/yw9QMGpC4bCUEo8 root@ubuntu-xenial
[0;32m  OK  [0m] Started Daily Cleanup of Temporary Directories.
[   15.482040] cloud-init[967]: The key's randomart image is:
[   15.648315] cloud-init[967]: +---[RSA 2048]----+
[   15.648524] cloud-init[967]: |    ..o.o.  o    |
         Starting LXD - unix socket.
[   15.648616] cloud-init[967]: |    .+.* . .oo   |
[   15.677828] cloud-init[967]: |    E.o = =o +.  |
[   15.677950] cloud-init[967]: |       o *++*..  |
[[0;32m  OK  [0m] Listening on D-Bus System Message Bus Socket.
[[   15.678055] cloud-init[967]: |        S.o*=o + |
[   15.686193] cloud-init[967]: |          oo.o=  |
[   15.686270] cloud-init[967]: |         ... =oo |
[   15.686536] cloud-init[967]: |          . + =+.|
[   15.686636] cloud-init[967]: |           ..o.o=|
[   15.686740] cloud-init[967]: +----[SHA256]-----+
[   15.686859] cloud-init[967]: Generating public/private dsa key pair.
[   15.686960] cloud-init[967]: Your identification has been saved in /etc/ssh/ssh_host_dsa_key.
[   15.687597] cloud-init[967]: Your public key has been saved in /etc/ssh/ssh_host_dsa_key.pub.
[0;32m  OK  [0m] Started Daily apt upgrade and clean activities.
[[   15.687708] cloud-init[967]: The key fingerprint is:
[   15.737745] cloud-init[967]: SHA256:b39r/8NRFSRw2N5v8Vs+o143lFRkdmOn4Fap/57/hJg root@ubuntu-xenial
[   15.738645] cloud-init[967]: The key's randomart image is:
[   15.739127] cloud-init[967]: +---[DSA 1024]----+
[   15.739637] cloud-init[967]: |           .=ooBO|
[   15.740727] cloud-init[967]: |           o.+++*|
[   15.741202] cloud-init[967]: |            +.o..|
[   15.741713] cloud-init[967]: |           ....oo|
[   15.742220] cloud-init[967]: |        S    . o=|
[   15.742738] cloud-init[967]: |         .   ooo=|
[   15.743274] cloud-init[967]: |          o E o**|
[   15.743758] cloud-init[967]: |         . .  +B*|
[   15.744836] cloud-init[967]: |            o=o=&|
[   15.745321] cloud-init[967]: +----[SHA256]-----+
[   15.745813] cloud-init[967]: Generating public/private ecdsa key pair.
[   15.746316] cloud-init[967]: Your identification has been saved in /etc/ssh/ssh_host_ecdsa_key.
[   15.746851] cloud-init[967]: Your public key has been saved in /etc/ssh/ssh_host_ecdsa_key.pub.
[0;32m  OK  [0m] Reached target Timers.
[[   15.747396] cloud-init[967]: The key fingerprint is:
[   15.898901] cloud-init[967]: SHA256:NAT3CA70yCYAFvFlC9lTxsfdQFFsKCsHYJJZZhD6JMk root@ubuntu-xenial
[   15.899457] cloud-init[967]: The key's randomart image is:
[   15.901238] cloud-init[967]: +---[ECDSA 256]---+
[   15.901779] cloud-init[967]: |++o*@O*++ o+B.   |
[   15.902369] cloud-init[967]: |o.+=OBo* * o +   |
[   15.902981] cloud-init[967]: | E.o+.+ * + .    |
[   15.903577] cloud-init[967]: |  +o   o +       |
[0;32m  OK  [0m] Listening on ACPID Listen Socket.
[[   15.904288] cloud-init[967]: |   .    S        |
[0;32m  OK  [0m[   15.930880] ] cloud-initReached target Cloud-config availability.[967]: 
|                 |
[   15.980850] cloud-init[967]: |                 |
[   15.981787] cloud-init[967]: |                 |
[[0;32m  OK  [0m] Reached target Network is Online.
[   15.982279] cloud-init[967]: |                 |
[   15.999531] cloud-init[967]: +----[SHA256]-----+
[   16.002870] cloud-init[967]: Generating public/private ed25519 key pair.
[   16.019197] cloud-init[967]: Your identification has been saved in /etc/ssh/ssh_host_ed25519_key.
[   16.020176] cloud-init[967]: Your public key has been saved in /etc/ssh/ssh_host_ed25519_key.pub.
[   16.020599] cloud-init[967]: The key fingerprint is:
         Starting iSCSI initiator daemon (iscsid)...
[   16.021061] cloud-init[967]: SHA256:ZgQZRgKTJ6cFo47RK4HeJegkien4vcMnhhWiTypWFXE root@ubuntu-xenial
[   16.061080] cloud-init[967]: The key's randomart image is:
[   16.061444] cloud-init[967]: +--[ED25519 256]--+
[   16.061582] cloud-init[967]: |  =+.o*E         |
[   16.061764] cloud-init[967]: |o=+o++o.         |
[   16.061959] cloud-init[967]: |Xo.B .. .        |
[   16.062144] cloud-init[967]: |Xo+.+. .         |
[   16.062307] cloud-init[967]: |+*.o..  S        |
[   16.062437] cloud-init[967]: |.o.o.  o         |
[   16.062555] cloud-init[967]: | +o+.            |
[   16.062673] cloud-init[967]: |o.o =..          |
[   16.063448] cloud-init[967]: |o  ..+           |
[   16.063592] cloud-init[967]: +----[SHA256]-----+
[[0;32m  OK  [0m] Listening on Socket activation for snappy daemon.
[[0;32m  OK  [0m] Listening on LXD - unix socket.
[[0;32m  OK  [0m] Started iSCSI initiator daemon (iscsid).
         Starting Login to default iSCSI targets...
[[0;32m  OK  [0m] Reached target Sockets.
[[0;32m  OK  [0m] Reached target Basic System.
         Starting Accounts Service...
[[0;32m  OK  [0m] Started Deferred execution scheduler.
         Starting LXD - container startup/shutdown...
[[0;32m  OK  [0m] Started FUSE filesystem for LXC.
[[0;32m  OK  [0m] Started ACPI event daemon.
[[0;32m  OK  [0m] Started Unattended Upgrades Shutdown.
         Starting Virtualbox guest utils...
         Starting Login Service...
         Starting LSB: MD monitoring daemon...
[[0;32m  OK  [0m] Started D-Bus System Message Bus.
         Starting Snappy daemon...
         Starting System Logging Service...
         Starting Apply the settings specified in cloud-config...
[[0;32m  OK  [0m] Started Regular background program processing daemon.
         Starting /etc/rc.local Compatibility...
         Starting Pollinate to seed the pseudo random number generator...
         Starting LSB: Record successful boot for GRUB...
[[0;32m  OK  [0m] Started System Logging Service.
[[0;32m  OK  [0m] Started Snappy daemon.
[[0;32m  OK  [0m] Started LXD - container startup/shutdown.
[[0;32m  OK  [0m] Started /etc/rc.local Compatibility.
[[0;32m  OK  [0m] Started Login to default iSCSI targets.
[[0;32m  OK  [0m] Started LSB: MD monitoring daemon.
[[0;32m  OK  [0m] Started LSB: Record successful boot for GRUB.
[[0;32m  OK  [0m] Started Login Service.
[[0;32m  OK  [0m] Started Virtualbox guest utils.
         Starting Authenticate and Authorize Users to Run Privileged Tasks...
[[0;32m  OK  [0m] Reached target Remote File Systems (Pre).
[[0;32m  OK  [0m] Reached target Remote File Systems.
         Starting Permit User Sessions...
         Starting LSB: automatic crash report generation...
         Starting LSB: daemon to balance interrupts for SMP systems...
         Starting LSB: Set the CPU Frequency Scaling governor to "ondemand"...
         Starting Wait until snapd is fully seeded...
[[0;32m  OK  [0m] Started Pollinate to seed the pseudo random number generator.
[[0;32m  OK  [0m] Started Permit User Sessions.
[[0;32m  OK  [0m] Started Authenticate and Authorize Users to Run Privileged Tasks.
[[0;32m  OK  [0m] Started Accounts Service.
         Starting Hold until boot process finishes up...
         Starting Terminate Plymouth Boot Screen...
         Starting OpenBSD Secure Shell server...
[[0;32m  OK  [0m] Started LSB: automatic crash report generation.
[[0;32m  OK  [0m] Started LSB: daemon to balance interrupts for SMP systems.
[[0;32m  OK  [0m] Started LSB: Set the CPU Frequency Scaling governor to "ondemand".
[[0;32m  OK  [0m] Started Hold until boot process finishes up.
[[0;32m  OK  [0m] Started Terminate Plymouth Boot Screen.
[[0;32m  OK  [0m] Started OpenBSD Secure Shell server.
[   17.455627] cloud-init[1113]: Generating locales (this might take a while)...
[[0;32m  OK  [0m] Started Getty on tty1.
[[0;32m  OK  [0m] Started Serial Getty on ttyS0.
[[0;32m  OK  [0m] Reached target Login Prompts.
         Starting Set console scheme...
[[0;32m  OK  [0m] Started Set console scheme.
[[0;32m  OK  [0m] Started Wait until snapd is fully seeded.
[[0;32m  OK  [0m] Reached target Multi-User System.
[[0;32m  OK  [0m] Reached target Graphical Interface.
         Starting Update UTMP about System Runlevel Changes...
[[0;32m  OK  [0m] Started Update UTMP about System Runlevel Changes.
[   18.041209] cloud-init[1113]:   en_US.UTF-8... done
[   18.075617] cloud-init[1113]: Generation complete.
[   18.269062] cloud-init[1113]: Cloud-init v. 18.2 running 'modules:config' at Fri, 11 Jan 2019 15:23:33 +0000. Up 17.32 seconds.
[[0;32m  OK  [0m] Started Apply the settings specified in cloud-config.
         Starting Execute cloud user/final scripts...
[[0;32m  OK  [0m] Created slice User Slice of vagrant.
         Starting User Manager for UID 1000...
ci-info: no authorized ssh keys fingerprints found for user ubuntu.
[[0;32m  OK  [0m] Started User Manager for UID 1000.
<14>Jan 11 15:23:34 ec2: 
<14>Jan 11 15:23:34 ec2: #############################################################
<14>Jan 11 15:23:34 ec2: -----BEGIN SSH HOST KEY FINGERPRINTS-----
<14>Jan 11 15:23:34 ec2: 1024 SHA256:b39r/8NRFSRw2N5v8Vs+o143lFRkdmOn4Fap/57/hJg root@ubuntu-xenial (DSA)
<14>Jan 11 15:23:34 ec2: 256 SHA256:NAT3CA70yCYAFvFlC9lTxsfdQFFsKCsHYJJZZhD6JMk root@ubuntu-xenial (ECDSA)
<14>Jan 11 15:23:34 ec2: 256 SHA256:ZgQZRgKTJ6cFo47RK4HeJegkien4vcMnhhWiTypWFXE root@ubuntu-xenial (ED25519)
<14>Jan 11 15:23:34 ec2: 2048 SHA256:zE3I97jFv4IUVrOWv8y4FtBat5k/yw9QMGpC4bCUEo8 root@ubuntu-xenial (RSA)
<14>Jan 11 15:23:34 ec2: -----END SSH HOST KEY FINGERPRINTS-----
<14>Jan 11 15:23:34 ec2: #############################################################
-----BEGIN SSH HOST KEY KEYS-----
ecdsa-sha2-nistp256 AAAAE2VjZHNhLXNoYTItbmlzdHAyNTYAAAAIbmlzdHAyNTYAAABBBM3khMF8UNXv035DSRPoPPLTZJF4AJxJ1VoH7nSbGtR91vWanVbWQZ20pYv3QGhdsCYAUORFDfxFXa2kDslHhnk= root@ubuntu-xenial
ssh-ed25519 AAAAC3NzaC1lZDI1NTE5AAAAIFGZSzzCKcT3BGPdM2xNxb2Yg2nGgHe4lptxXpg6f7/H root@ubuntu-xenial
ssh-rsa AAAAB3NzaC1yc2EAAAADAQABAAABAQDK9igZjy5wa19nT+djPuWMhR5OEfj7k/Lt8GmiECXo5SU/6YUlSQohCXOgOa7HD2BsgXAl9fkdJcAc9Han9bm6s348ClJrmQqWGx/phwHASegJMePInzFVQ79wBmRAjlJ676Z5Kdvjz8l/WsjDf7WZGbReWyhO4UC4g2SqI0qUckfN5ZgBxelH+YyMzGpf6QjKtrgksUDUl0j8jY9XpsaIyssmGcbdjTPI8NyPdl9V5SWxTp9ibcNLbuM9cC2db9DQIQS3mDEsumUclFFny/115+/okNkBnJ2h7fdl2X/Tn/IOyuqw2fHX3Ype3b0L9s0fte15OQ+OUWacRVaNPY7J root@ubuntu-xenial
-----END SSH HOST KEY KEYS-----
[[0;32m  OK  [0m] Started Session 1 of user vagrant.
[   19.191975] cloud-init[1327]: Cloud-init v. 18.2 running 'modules:final' at Fri, 11 Jan 2019 15:23:34 +0000. Up 18.64 seconds.
[   19.197444] cloud-init[1327]: ci-info: no authorized ssh keys fingerprints found for user ubuntu.
[   19.264528] [cloud-init[0;32m  OK  [0m[1327]: ] Cloud-init v. 18.2 finished at Fri, 11 Jan 2019 15:23:35 +0000. Datasource DataSourceNoCloud [seed=/dev/sdb][dsmode=net].  Up 19.17 secondsStarted Execute cloud user/final scripts.

[[0;32m  OK  [0m] Reached target Cloud-init target.

Ubuntu 16.04.4 LTS ubuntu-xenial ttyS0

ubuntu-xenial login: 